-------------------------------------------------------------------------------
Test set: guru.springframework.sfgpetclinic.SfgPetClinicApplicationTests
-------------------------------------------------------------------------------
Tests run: 1, Failures: 0, Errors: 1, Skipped: 0, Time elapsed: 4.12 s <<< FAILURE! - in guru.springframework.sfgpetclinic.SfgPetClinicApplicationTests
contextLoads  Time elapsed: 0.002 s  <<< ERROR!
java.lang.IllegalStateException: Failed to load ApplicationContext
Caused by: org.springframework.beans.factory.UnsatisfiedDependencyException: Error creating bean with name 'dataLoader' defined in file [/Users/mano/Documents/udemy/sfg-pet-clinic/pet-clinic-web/target/classes/guru/springframework/sfgpetclinic/bootstrap/DataLoader.class]: Unsatisfied dependency expressed through constructor parameter 0; nested exception is org.springframework.beans.factory.UnsatisfiedDependencyException: Error creating bean with name 'ownerSDJpaService' defined in URL [jar:file:/Users/mano/Documents/udemy/sfg-pet-clinic/pet-clinic-data/target/pet-clinic-data-0.0.1-SNAPSHOT.jar!/guru/springframework/sfgpetclinic/services/sprindatajpa/OwnerSDJpaService.class]: Unsatisfied dependency expressed through constructor parameter 2; nested exception is org.springframework.beans.factory.NoSuchBeanDefinitionException: No qualifying bean of type 'guru.springframework.sfgpetclinic.services.PetTypeService' available: expected at least 1 bean which qualifies as autowire candidate. Dependency annotations: {}
Caused by: org.springframework.beans.factory.UnsatisfiedDependencyException: Error creating bean with name 'ownerSDJpaService' defined in URL [jar:file:/Users/mano/Documents/udemy/sfg-pet-clinic/pet-clinic-data/target/pet-clinic-data-0.0.1-SNAPSHOT.jar!/guru/springframework/sfgpetclinic/services/sprindatajpa/OwnerSDJpaService.class]: Unsatisfied dependency expressed through constructor parameter 2; nested exception is org.springframework.beans.factory.NoSuchBeanDefinitionException: No qualifying bean of type 'guru.springframework.sfgpetclinic.services.PetTypeService' available: expected at least 1 bean which qualifies as autowire candidate. Dependency annotations: {}
Caused by: org.springframework.beans.factory.NoSuchBeanDefinitionException: No qualifying bean of type 'guru.springframework.sfgpetclinic.services.PetTypeService' available: expected at least 1 bean which qualifies as autowire candidate. Dependency annotations: {}

